<?xml version="1.0" encoding="UTF-8"?>
<!-- Generated by org.testng.reporters.JUnitXMLReporter -->
<testsuite hostname="win7-PC" failures="0" tests="6" name="Test" time="0.048" errors="0" timestamp="16 Apr 2020 21:11:39 GMT">
  <testcase classname="qaclickacademy.AppiumTest" name="IOSApps" time="0.016"/>
  <testcase classname="qaclickacademy.AppiumTest" name="nativeAppAndroid" time="0.0"/>
  <testcase classname="qaclickacademy.SeleniumTest" name="BrowserAutomation" time="0.016"/>
  <testcase classname="qaclickacademy.SeleniumTest" name="ElementUi" time="0.0"/>
  <testcase classname="qaclickacademy.RestAPITest" name="deleteTwitter" time="0.0"/>
  <testcase classname="qaclickacademy.RestAPITest" name="postJira" time="0.0"/>
</testsuite> <!-- Test -->
