<?xml version="1.0" encoding="UTF-8"?>
<!-- Generated by org.testng.reporters.JUnitXMLReporter -->
<testsuite hostname="win7-PC" ignored="0" name="Test" tests="6" failures="0" timestamp="2020-04-16T20:42:26 EDT" time="0.085" errors="0">
  <testcase name="IOSApps" time="0.018" classname="qaclickacademy.AppiumTest"/>
  <testcase name="nativeAppAndroid" time="0.0" classname="qaclickacademy.AppiumTest"/>
  <testcase name="BrowserAutomation" time="0.0" classname="qaclickacademy.SeleniumTest"/>
  <testcase name="ElementUi" time="0.0" classname="qaclickacademy.SeleniumTest"/>
  <testcase name="deleteTwitter" time="0.0" classname="qaclickacademy.RestAPITest"/>
  <testcase name="postJira" time="0.0" classname="qaclickacademy.RestAPITest"/>
</testsuite> <!-- Test -->
