<?xml version="1.0" encoding="UTF-8"?>
<testng-results skipped="0" failed="0" ignored="0" total="6" passed="6">
  <reporter-output>
  </reporter-output>
  <suite name="Suite" duration-ms="85" started-at="2020-04-16T20:42:26 EDT" finished-at="2020-04-16T20:42:26 EDT">
    <groups>
    </groups>
    <test name="Test" duration-ms="85" started-at="2020-04-16T20:42:26 EDT" finished-at="2020-04-16T20:42:26 EDT">
      <class name="qaclickacademy.AppiumTest">
        <test-method status="PASS" signature="IOSApps()[pri:0, instance:qaclickacademy.AppiumTest@4b952a2d]" name="IOSApps" duration-ms="18" started-at="2020-04-16T20:42:26 EDT" finished-at="2020-04-16T20:42:26 EDT">
          <reporter-output>
          </reporter-output>
        </test-method> <!-- IOSApps -->
        <test-method status="PASS" signature="nativeAppAndroid()[pri:0, instance:qaclickacademy.AppiumTest@4b952a2d]" name="nativeAppAndroid" duration-ms="0" started-at="2020-04-16T20:42:26 EDT" finished-at="2020-04-16T20:42:26 EDT">
          <reporter-output>
          </reporter-output>
        </test-method> <!-- nativeAppAndroid -->
      </class> <!-- qaclickacademy.AppiumTest -->
      <class name="qaclickacademy.RestAPITest">
        <test-method status="PASS" signature="deleteTwitter()[pri:0, instance:qaclickacademy.RestAPITest@73846619]" name="deleteTwitter" duration-ms="0" started-at="2020-04-16T20:42:26 EDT" finished-at="2020-04-16T20:42:26 EDT">
          <reporter-output>
          </reporter-output>
        </test-method> <!-- deleteTwitter -->
        <test-method status="PASS" signature="postJira()[pri:0, instance:qaclickacademy.RestAPITest@73846619]" name="postJira" duration-ms="0" started-at="2020-04-16T20:42:26 EDT" finished-at="2020-04-16T20:42:26 EDT">
          <reporter-output>
          </reporter-output>
        </test-method> <!-- postJira -->
      </class> <!-- qaclickacademy.RestAPITest -->
      <class name="qaclickacademy.SeleniumTest">
        <test-method status="PASS" signature="BrowserAutomation()[pri:0, instance:qaclickacademy.SeleniumTest@3159c4b8]" name="BrowserAutomation" duration-ms="0" started-at="2020-04-16T20:42:26 EDT" finished-at="2020-04-16T20:42:26 EDT">
          <reporter-output>
          </reporter-output>
        </test-method> <!-- BrowserAutomation -->
        <test-method status="PASS" signature="ElementUi()[pri:0, instance:qaclickacademy.SeleniumTest@3159c4b8]" name="ElementUi" duration-ms="0" started-at="2020-04-16T20:42:26 EDT" finished-at="2020-04-16T20:42:26 EDT">
          <reporter-output>
          </reporter-output>
        </test-method> <!-- ElementUi -->
      </class> <!-- qaclickacademy.SeleniumTest -->
    </test> <!-- Test -->
  </suite> <!-- Suite -->
</testng-results>
