<?xml version="1.0" encoding="UTF-8"?>
<testng-results total="6" passed="6" failed="0" skipped="0">
  <reporter-output>
  </reporter-output>
  <suite started-at="2020-04-16T21:11:39Z" name="Suite" finished-at="2020-04-16T21:11:39Z" duration-ms="48">
    <groups>
    </groups>
    <test started-at="2020-04-16T21:11:39Z" name="Test" finished-at="2020-04-16T21:11:39Z" duration-ms="48">
      <class name="qaclickacademy.AppiumTest">
        <test-method signature="IOSApps()[pri:0, instance:qaclickacademy.AppiumTest@57cf54e1]" started-at="2020-04-16T17:11:39Z" name="IOSApps" finished-at="2020-04-16T17:11:39Z" duration-ms="16" status="PASS">
          <reporter-output>
          </reporter-output>
        </test-method> <!-- IOSApps -->
        <test-method signature="nativeAppAndroid()[pri:0, instance:qaclickacademy.AppiumTest@57cf54e1]" started-at="2020-04-16T17:11:39Z" name="nativeAppAndroid" finished-at="2020-04-16T17:11:39Z" duration-ms="0" status="PASS">
          <reporter-output>
          </reporter-output>
        </test-method> <!-- nativeAppAndroid -->
      </class> <!-- qaclickacademy.AppiumTest -->
      <class name="qaclickacademy.RestAPITest">
        <test-method signature="deleteTwitter()[pri:0, instance:qaclickacademy.RestAPITest@ffaa6af]" started-at="2020-04-16T17:11:39Z" name="deleteTwitter" finished-at="2020-04-16T17:11:39Z" duration-ms="0" status="PASS">
          <reporter-output>
          </reporter-output>
        </test-method> <!-- deleteTwitter -->
        <test-method signature="postJira()[pri:0, instance:qaclickacademy.RestAPITest@ffaa6af]" started-at="2020-04-16T17:11:39Z" name="postJira" finished-at="2020-04-16T17:11:39Z" duration-ms="0" status="PASS">
          <reporter-output>
          </reporter-output>
        </test-method> <!-- postJira -->
      </class> <!-- qaclickacademy.RestAPITest -->
      <class name="qaclickacademy.SeleniumTest">
        <test-method signature="BrowserAutomation()[pri:0, instance:qaclickacademy.SeleniumTest@4803b726]" started-at="2020-04-16T17:11:39Z" name="BrowserAutomation" finished-at="2020-04-16T17:11:39Z" duration-ms="16" status="PASS">
          <reporter-output>
          </reporter-output>
        </test-method> <!-- BrowserAutomation -->
        <test-method signature="ElementUi()[pri:0, instance:qaclickacademy.SeleniumTest@4803b726]" started-at="2020-04-16T17:11:39Z" name="ElementUi" finished-at="2020-04-16T17:11:39Z" duration-ms="0" status="PASS">
          <reporter-output>
          </reporter-output>
        </test-method> <!-- ElementUi -->
      </class> <!-- qaclickacademy.SeleniumTest -->
    </test> <!-- Test -->
  </suite> <!-- Suite -->
</testng-results>
